2021-08-31 23:24:45,742 I 6857 cfg4py.core:update_config:272 | configuration is
alpha: {data_home: ~/alpha/data}
milvus: {host: milvus-standalone, port: 19530}
mongo: {dsn: 'mongodb://admin:123456@mongo.hirecode'}
omega:
  urls: {quotes_server: 'http://172.17.0.1:3181'}
postgres: {enabled: false}
redis: {dsn: 'redis://172.17.0.1:6379'}

2021-08-31 23:24:45,795 I 6857 omicron.models.securities:load:69 | 13336 securities loaded from cache
2021-08-31 23:24:47,447 I 6857 alpha.utils.data:make_dataset:232 | 50 samples collected: [0, 0, 0, 2, 3, 1, 0, 0, 0, 44]
2021-08-31 23:24:48,259 I 6857 alpha.utils.data:make_dataset:232 | 100 samples collected: [0, 0, 0, 3, 8, 1, 0, 0, 0, 88]
2021-08-31 23:24:49,098 I 6857 alpha.utils.data:make_dataset:232 | 150 samples collected: [0, 0, 0, 6, 13, 2, 0, 0, 0, 129]
2021-08-31 23:24:49,920 I 6857 alpha.utils.data:make_dataset:232 | 200 samples collected: [0, 0, 0, 7, 16, 2, 0, 0, 0, 175]
2021-08-31 23:24:50,832 I 6857 alpha.utils.data:make_dataset:232 | 250 samples collected: [0, 0, 0, 8, 20, 2, 0, 0, 0, 220]
2021-08-31 23:24:51,690 I 6857 alpha.utils.data:make_dataset:232 | 300 samples collected: [0, 0, 0, 12, 22, 2, 0, 0, 0, 264]
2021-08-31 23:24:52,490 I 6857 alpha.utils.data:make_dataset:232 | 350 samples collected: [0, 0, 0, 13, 24, 4, 0, 0, 0, 309]
2021-08-31 23:24:53,353 I 6857 alpha.utils.data:make_dataset:232 | 400 samples collected: [0, 0, 0, 13, 25, 4, 0, 0, 0, 358]
2021-08-31 23:24:54,233 I 6857 alpha.utils.data:make_dataset:232 | 450 samples collected: [0, 0, 0, 14, 29, 4, 0, 0, 0, 403]
2021-08-31 23:24:55,114 I 6857 alpha.utils.data:make_dataset:232 | 500 samples collected: [0, 0, 0, 17, 30, 4, 0, 0, 0, 449]
2021-08-31 23:24:55,924 I 6857 alpha.utils.data:make_dataset:232 | 550 samples collected: [0, 0, 0, 18, 33, 4, 0, 0, 0, 495]
2021-08-31 23:25:03,912 I 6857 alpha.utils.data:make_dataset:232 | 600 samples collected: [0, 0, 2, 32, 59, 5, 1, 0, 0, 501]
2021-08-31 23:25:12,316 I 6857 alpha.utils.data:make_dataset:232 | 650 samples collected: [0, 0, 3, 48, 90, 7, 1, 0, 0, 501]
2021-08-31 23:25:20,536 I 6857 alpha.utils.data:make_dataset:232 | 700 samples collected: [0, 0, 4, 65, 117, 12, 1, 0, 0, 501]
2021-08-31 23:25:30,549 I 6857 alpha.utils.data:make_dataset:232 | 750 samples collected: [0, 0, 5, 81, 147, 15, 1, 0, 0, 501]
2021-08-31 23:25:49,708 I 6857 alpha.utils.data:make_dataset:232 | 800 samples collected: [0, 0, 8, 108, 167, 15, 1, 0, 0, 501]
2021-08-31 23:25:54,424 I 6857 alpha.utils.data:make_dataset:232 | 850 samples collected: [0, 0, 8, 138, 187, 15, 1, 0, 0, 501]
2021-08-31 23:26:01,208 I 6857 alpha.utils.data:make_dataset:232 | 900 samples collected: [0, 0, 8, 168, 206, 16, 1, 0, 0, 501]
2021-08-31 23:26:07,254 I 6857 alpha.utils.data:make_dataset:232 | 950 samples collected: [0, 0, 10, 198, 224, 16, 1, 0, 0, 501]
2021-08-31 23:26:13,352 I 6857 alpha.utils.data:make_dataset:232 | 1000 samples collected: [0, 0, 10, 223, 248, 17, 1, 0, 0, 501]
2021-08-31 23:26:19,624 I 6857 alpha.utils.data:make_dataset:232 | 1050 samples collected: [0, 0, 10, 257, 264, 17, 1, 0, 0, 501]
2021-08-31 23:26:28,522 I 6857 alpha.utils.data:make_dataset:232 | 1100 samples collected: [0, 0, 10, 277, 293, 18, 1, 0, 0, 501]
2021-08-31 23:26:37,510 I 6857 alpha.utils.data:make_dataset:232 | 1150 samples collected: [0, 0, 10, 289, 328, 21, 1, 0, 0, 501]
2021-08-31 23:26:47,369 I 6857 alpha.utils.data:make_dataset:232 | 1200 samples collected: [0, 0, 10, 300, 367, 21, 1, 0, 0, 501]
2021-08-31 23:26:55,414 I 6857 alpha.utils.data:make_dataset:232 | 1250 samples collected: [0, 0, 10, 309, 406, 23, 1, 0, 0, 501]
2021-08-31 23:27:54,010 I 6857 alpha.utils.data:make_dataset:232 | 1300 samples collected: [0, 0, 10, 326, 433, 27, 3, 0, 0, 501]
2021-08-31 23:28:39,835 I 6857 alpha.utils.data:make_dataset:232 | 1350 samples collected: [0, 1, 11, 350, 456, 28, 3, 0, 0, 501]
2021-08-31 23:28:43,767 I 6857 alpha.utils.data:make_dataset:232 | 1400 samples collected: [0, 1, 19, 385, 461, 29, 4, 0, 0, 501]
2021-08-31 23:28:48,102 I 6857 alpha.utils.data:make_dataset:232 | 1450 samples collected: [0, 1, 21, 423, 470, 30, 4, 0, 0, 501]
2021-08-31 23:28:53,733 I 6857 alpha.utils.data:make_dataset:232 | 1500 samples collected: [0, 1, 34, 455, 475, 30, 4, 0, 0, 501]
2021-08-31 23:28:59,150 I 6857 alpha.utils.data:make_dataset:232 | 1550 samples collected: [0, 1, 44, 485, 485, 30, 4, 0, 0, 501]
2021-08-31 23:29:09,670 I 6857 alpha.utils.data:make_dataset:232 | 1600 samples collected: [0, 1, 63, 501, 499, 31, 4, 0, 0, 501]
2021-08-31 23:32:04,916 I 6857 alpha.utils.data:make_dataset:232 | 1650 samples collected: [0, 2, 93, 501, 501, 48, 4, 0, 0, 501]
2021-08-31 23:32:53,283 I 6857 alpha.utils.data:make_dataset:232 | 1700 samples collected: [1, 3, 106, 501, 501, 83, 4, 0, 0, 501]
2021-08-31 23:33:15,548 I 6857 alpha.utils.data:make_dataset:232 | 1750 samples collected: [1, 3, 106, 501, 501, 133, 4, 0, 0, 501]
2021-08-31 23:34:02,218 I 6857 alpha.utils.data:make_dataset:232 | 1800 samples collected: [2, 3, 106, 501, 501, 182, 4, 0, 0, 501]
2021-08-31 23:35:59,320 I 6857 alpha.utils.data:make_dataset:232 | 1850 samples collected: [2, 4, 107, 501, 501, 228, 6, 0, 0, 501]
2021-08-31 23:39:33,632 I 6857 alpha.utils.data:make_dataset:232 | 1900 samples collected: [2, 4, 117, 501, 501, 265, 9, 0, 0, 501]
2021-08-31 23:44:02,242 I 6857 alpha.utils.data:make_dataset:232 | 1950 samples collected: [4, 6, 156, 501, 501, 271, 10, 0, 0, 501]
2021-08-31 23:46:32,508 I 6857 alpha.utils.data:make_dataset:232 | 2000 samples collected: [4, 6, 166, 501, 501, 308, 13, 0, 0, 501]
2021-08-31 23:49:29,320 I 6857 alpha.utils.data:make_dataset:232 | 2050 samples collected: [5, 7, 180, 501, 501, 341, 14, 0, 0, 501]
2021-08-31 23:52:42,846 I 6857 alpha.utils.data:make_dataset:232 | 2100 samples collected: [5, 8, 190, 501, 501, 379, 15, 0, 0, 501]
2021-08-31 23:56:09,197 I 6857 alpha.utils.data:make_dataset:232 | 2150 samples collected: [5, 8, 216, 501, 501, 401, 17, 0, 0, 501]
2021-08-31 23:58:27,403 I 6857 alpha.utils.data:make_dataset:232 | 2200 samples collected: [5, 9, 227, 501, 501, 437, 18, 1, 0, 501]
2021-08-31 23:59:38,026 I 6857 alpha.utils.data:make_dataset:232 | 2250 samples collected: [10, 11, 270, 501, 501, 437, 18, 1, 0, 501]
2021-09-01 00:00:06,332 I 6857 alpha.utils.data:make_dataset:232 | 2300 samples collected: [13, 14, 312, 501, 501, 438, 19, 1, 0, 501]
2021-09-01 00:03:36,621 I 6857 alpha.utils.data:make_dataset:232 | 2350 samples collected: [13, 14, 319, 501, 501, 479, 21, 1, 0, 501]
2021-09-01 00:07:26,612 I 6857 alpha.utils.data:make_dataset:232 | 2400 samples collected: [13, 14, 345, 501, 501, 501, 23, 1, 0, 501]
2021-09-01 00:12:37,731 I 6857 alpha.utils.data:make_dataset:232 | 2450 samples collected: [15, 15, 391, 501, 501, 501, 24, 1, 0, 501]
2021-09-01 00:16:17,466 I 6857 alpha.utils.data:make_dataset:232 | 2500 samples collected: [15, 15, 441, 501, 501, 501, 24, 1, 0, 501]
2021-09-01 00:21:32,113 I 6857 alpha.utils.data:make_dataset:232 | 2550 samples collected: [16, 16, 480, 501, 501, 501, 30, 4, 0, 501]
2021-09-01 00:45:29,484 I 6857 alpha.utils.data:make_dataset:232 | 2600 samples collected: [24, 24, 501, 501, 501, 501, 43, 4, 0, 501]
2021-09-01 01:19:39,020 I 6857 alpha.utils.data:make_dataset:232 | 2650 samples collected: [32, 36, 501, 501, 501, 501, 70, 7, 0, 501]
2021-09-01 01:51:30,943 I 6857 alpha.utils.data:make_dataset:232 | 2700 samples collected: [40, 41, 501, 501, 501, 501, 103, 11, 0, 501]
2021-09-01 02:21:17,297 I 6857 alpha.utils.data:make_dataset:239 | have searched more than 200 times of total space, stopped
2021-09-01 02:21:17,306 I 6857 alpha.utils.data:make_dataset:243 | (2735, 15) features made
2021-09-01 21:09:29,930 I 13674 cfg4py.core:update_config:272 | configuration is
alpha: {data_home: ~/alpha/data}
milvus: {host: milvus-standalone, port: 19530}
mongo: {dsn: 'mongodb://admin:123456@mongo.hirecode'}
omega:
  urls: {quotes_server: 'http://172.17.0.1:3181'}
postgres: {enabled: false}
redis: {dsn: 'redis://172.17.0.1:6379'}

2021-09-01 21:09:29,988 I 13674 omicron.models.securities:load:69 | 13336 securities loaded from cache
2021-09-01 21:09:31,673 I 13674 alpha.utils.data:make_dataset:232 | 50 samples collected: [1, 0, 0, 0, 0, 0, 0, 0, 0, 49]
2021-09-01 21:09:32,842 I 13674 alpha.utils.data:make_dataset:232 | 100 samples collected: [3, 0, 0, 0, 0, 0, 0, 0, 0, 97]
2021-09-01 21:09:33,871 I 13674 alpha.utils.data:make_dataset:232 | 150 samples collected: [4, 0, 0, 0, 0, 0, 0, 0, 0, 146]
2021-09-01 21:09:35,050 I 13674 alpha.utils.data:make_dataset:232 | 200 samples collected: [4, 0, 0, 0, 0, 0, 0, 0, 0, 196]
2021-09-01 21:09:36,128 I 13674 alpha.utils.data:make_dataset:232 | 250 samples collected: [5, 0, 0, 0, 0, 0, 0, 0, 0, 245]
2021-09-01 21:09:37,281 I 13674 alpha.utils.data:make_dataset:232 | 300 samples collected: [5, 0, 0, 0, 0, 0, 0, 0, 0, 295]
2021-09-01 21:09:38,503 I 13674 alpha.utils.data:make_dataset:232 | 350 samples collected: [6, 0, 0, 0, 0, 0, 0, 0, 0, 344]
2021-09-01 21:09:39,571 I 13674 alpha.utils.data:make_dataset:232 | 400 samples collected: [6, 0, 0, 0, 0, 0, 0, 0, 0, 394]
2021-09-01 21:09:41,062 I 13674 alpha.utils.data:make_dataset:232 | 450 samples collected: [6, 0, 0, 0, 0, 0, 0, 0, 0, 444]
2021-09-01 21:09:42,183 I 13674 alpha.utils.data:make_dataset:232 | 500 samples collected: [7, 0, 1, 0, 0, 0, 0, 0, 0, 492]
2021-09-01 21:10:13,574 I 13674 alpha.utils.data:make_dataset:232 | 550 samples collected: [34, 0, 5, 8, 2, 0, 0, 0, 0, 501]
2021-09-01 21:10:42,219 I 13674 alpha.utils.data:make_dataset:232 | 600 samples collected: [34, 0, 11, 40, 13, 1, 0, 0, 0, 501]
2021-09-01 21:10:54,391 I 13674 alpha.utils.data:make_dataset:232 | 650 samples collected: [34, 0, 13, 69, 31, 2, 0, 0, 0, 501]
2021-09-01 21:11:07,643 I 13674 alpha.utils.data:make_dataset:232 | 700 samples collected: [34, 0, 13, 104, 46, 2, 0, 0, 0, 501]
2021-09-01 21:11:19,725 I 13674 alpha.utils.data:make_dataset:232 | 750 samples collected: [34, 0, 13, 145, 55, 2, 0, 0, 0, 501]
2021-09-01 21:11:29,879 I 13674 alpha.utils.data:make_dataset:232 | 800 samples collected: [34, 0, 17, 185, 61, 2, 0, 0, 0, 501]
2021-09-01 21:11:37,182 I 13674 alpha.utils.data:make_dataset:232 | 850 samples collected: [34, 0, 18, 230, 64, 3, 0, 0, 0, 501]
2021-09-01 21:11:46,897 I 13674 alpha.utils.data:make_dataset:232 | 900 samples collected: [34, 0, 22, 269, 70, 4, 0, 0, 0, 501]
2021-09-01 21:11:55,928 I 13674 alpha.utils.data:make_dataset:232 | 950 samples collected: [34, 0, 23, 310, 76, 6, 0, 0, 0, 501]
2021-09-01 21:12:29,762 I 13674 alpha.utils.data:make_dataset:232 | 1000 samples collected: [34, 0, 25, 345, 89, 6, 0, 0, 0, 501]
2021-09-01 21:12:44,416 I 13674 alpha.utils.data:make_dataset:232 | 1050 samples collected: [34, 0, 28, 374, 107, 6, 0, 0, 0, 501]
2021-09-01 21:12:59,475 I 13674 alpha.utils.data:make_dataset:232 | 1100 samples collected: [34, 0, 31, 408, 120, 6, 0, 0, 0, 501]
2021-09-01 21:13:13,891 I 13674 alpha.utils.data:make_dataset:232 | 1150 samples collected: [34, 0, 31, 424, 150, 10, 0, 0, 0, 501]
2021-09-01 21:13:26,378 I 13674 alpha.utils.data:make_dataset:232 | 1200 samples collected: [34, 0, 31, 437, 185, 12, 0, 0, 0, 501]
2021-09-01 21:13:37,141 I 13674 alpha.utils.data:make_dataset:232 | 1250 samples collected: [34, 0, 31, 448, 222, 14, 0, 0, 0, 501]
2021-09-01 21:13:53,388 I 13674 alpha.utils.data:make_dataset:232 | 1300 samples collected: [34, 0, 31, 469, 247, 18, 0, 0, 0, 501]
2021-09-01 21:14:29,684 I 13674 alpha.utils.data:make_dataset:232 | 1350 samples collected: [35, 1, 41, 501, 253, 18, 0, 0, 0, 501]
2021-09-01 21:14:45,784 I 13674 alpha.utils.data:make_dataset:232 | 1400 samples collected: [35, 2, 84, 501, 259, 18, 0, 0, 0, 501]
2021-09-01 21:15:04,967 I 13674 alpha.utils.data:make_dataset:232 | 1450 samples collected: [35, 2, 124, 501, 268, 19, 0, 0, 0, 501]
2021-09-01 21:15:46,891 I 13674 alpha.utils.data:make_dataset:232 | 1500 samples collected: [35, 2, 137, 501, 302, 22, 0, 0, 0, 501]
2021-09-01 21:15:54,072 I 13674 alpha.utils.data:make_dataset:232 | 1550 samples collected: [35, 2, 138, 501, 351, 22, 0, 0, 0, 501]
2021-09-01 21:16:03,567 I 13674 alpha.utils.data:make_dataset:232 | 1600 samples collected: [35, 2, 138, 501, 400, 22, 1, 0, 0, 501]
2021-09-01 21:16:12,278 I 13674 alpha.utils.data:make_dataset:232 | 1650 samples collected: [35, 2, 139, 501, 447, 24, 1, 0, 0, 501]
2021-09-01 21:16:19,786 I 13674 alpha.utils.data:make_dataset:232 | 1700 samples collected: [35, 2, 140, 501, 496, 24, 1, 0, 0, 501]
2021-09-01 21:20:05,383 I 13674 alpha.utils.data:make_dataset:232 | 1750 samples collected: [36, 2, 164, 501, 501, 43, 1, 1, 0, 501]
2021-09-01 21:23:20,536 I 13674 alpha.utils.data:make_dataset:232 | 1800 samples collected: [40, 3, 198, 501, 501, 53, 2, 1, 0, 501]
2021-09-01 21:25:43,072 I 13674 alpha.utils.data:make_dataset:232 | 1850 samples collected: [40, 3, 224, 501, 501, 75, 3, 2, 0, 501]
2021-09-01 21:28:40,043 I 13674 alpha.utils.data:make_dataset:232 | 1900 samples collected: [41, 3, 259, 501, 501, 88, 4, 2, 0, 501]
2021-09-01 21:31:23,611 I 13674 alpha.utils.data:make_dataset:232 | 1950 samples collected: [41, 4, 276, 501, 501, 119, 4, 3, 0, 501]
2021-09-01 21:32:22,166 I 13674 alpha.utils.data:make_dataset:232 | 2000 samples collected: [41, 4, 278, 501, 501, 158, 11, 5, 0, 501]
2021-09-01 21:33:31,249 I 13674 alpha.utils.data:make_dataset:232 | 2050 samples collected: [41, 4, 279, 501, 501, 200, 17, 6, 0, 501]
2021-09-01 21:37:03,083 I 13674 alpha.utils.data:make_dataset:232 | 2100 samples collected: [42, 5, 309, 501, 501, 217, 18, 6, 0, 501]
2021-09-01 21:38:07,986 I 13674 alpha.utils.data:make_dataset:232 | 2150 samples collected: [42, 5, 315, 501, 501, 258, 21, 6, 0, 501]
2021-09-01 21:43:14,454 I 13674 alpha.utils.data:make_dataset:232 | 2200 samples collected: [42, 5, 338, 501, 501, 284, 22, 6, 0, 501]
2021-09-01 21:46:47,735 I 13674 alpha.utils.data:make_dataset:232 | 2250 samples collected: [42, 5, 360, 501, 501, 312, 22, 6, 0, 501]
2021-09-01 21:50:19,339 I 13674 alpha.utils.data:make_dataset:232 | 2300 samples collected: [42, 5, 393, 501, 501, 329, 22, 6, 0, 501]
